<?xml version="1.0" encoding="UTF-8"?>
<testsuite name="com.jmr256.movieshelf.shelf.ShelfServiceApplicationTests" tests="1" skipped="0" failures="0" errors="0" timestamp="2023-01-20T14:11:34" hostname="UKM3V9DGQ1WN" time="0.159">
  <properties/>
  <testcase name="contextLoads()" classname="com.jmr256.movieshelf.shelf.ShelfServiceApplicationTests" time="0.159"/>
  <system-out><![CDATA[14:11:34.181 [Test worker] DEBUG org.springframework.boot.test.context.SpringBootTestContextBootstrapper - Neither @ContextConfiguration nor @ContextHierarchy found for test class [ShelfServiceApplicationTests]: using SpringBootContextLoader
14:11:34.184 [Test worker] DEBUG org.springframework.test.context.support.AbstractContextLoader - Could not detect default resource locations for test class [com.jmr256.movieshelf.shelf.ShelfServiceApplicationTests]: no resource found for suffixes {-context.xml, Context.groovy}.
14:11:34.185 [Test worker] INFO org.springframework.test.context.support.AnnotationConfigContextLoaderUtils - Could not detect default configuration classes for test class [com.jmr256.movieshelf.shelf.ShelfServiceApplicationTests]: ShelfServiceApplicationTests does not declare any static, non-private, non-final, nested classes annotated with @Configuration.
14:11:34.194 [Test worker] DEBUG org.springframework.boot.test.context.SpringBootTestContextBootstrapper - Using ContextCustomizers for test class [ShelfServiceApplicationTests]: [DisableObservabilityContextCustomizer, PropertyMappingContextCustomizer, Customizer, ExcludeFilterContextCustomizer, DuplicateJsonObjectContextCustomizer, MockitoContextCustomizer, TestRestTemplateContextCustomizer]
14:11:34.222 [Test worker] DEBUG org.springframework.context.annotation.ClassPathScanningCandidateComponentProvider - Identified candidate component class: file [/Users/jry22/Dev/Training/movie-shelf/shelf-service/build/classes/java/main/com/jmr256/movieshelf/shelf/ShelfServiceApplication.class]
14:11:34.223 [Test worker] INFO org.springframework.boot.test.context.SpringBootTestContextBootstrapper - Found @SpringBootConfiguration com.jmr256.movieshelf.shelf.ShelfServiceApplication for test class com.jmr256.movieshelf.shelf.ShelfServiceApplicationTests
14:11:34.257 [Test worker] DEBUG org.springframework.test.context.util.TestContextSpringFactoriesUtils - Skipping candidate TestExecutionListener [org.springframework.test.context.transaction.TransactionalTestExecutionListener] due to a missing dependency. Specify custom TestExecutionListener classes or make the default TestExecutionListener classes and their required dependencies available. Offending class: [org/springframework/transaction/interceptor/TransactionAttributeSource]
14:11:34.258 [Test worker] DEBUG org.springframework.test.context.util.TestContextSpringFactoriesUtils - Skipping candidate TestExecutionListener [org.springframework.test.context.jdbc.SqlScriptsTestExecutionListener] due to a missing dependency. Specify custom TestExecutionListener classes or make the default TestExecutionListener classes and their required dependencies available. Offending class: [org/springframework/transaction/interceptor/TransactionAttribute]
14:11:34.259 [Test worker] DEBUG org.springframework.boot.test.context.SpringBootTestContextBootstrapper - Using TestExecutionListeners for test class [ShelfServiceApplicationTests]: [ServletTestExecutionListener, DirtiesContextBeforeModesTestExecutionListener, ApplicationEventsTestExecutionListener, MockitoTestExecutionListener, DependencyInjectionTestExecutionListener, DirtiesContextTestExecutionListener, EventPublishingTestExecutionListener, RestDocsTestExecutionListener, MockRestServiceServerResetTestExecutionListener, MockMvcPrintOnlyOnFailureTestExecutionListener, WebDriverTestExecutionListener, MockWebServiceServerTestExecutionListener, ResetMocksTestExecutionListener]
14:11:34.260 [Test worker] DEBUG org.springframework.test.context.support.AbstractDirtiesContextTestExecutionListener - Before test class: class [ShelfServiceApplicationTests], class annotated with @DirtiesContext [false] with mode [null]

  .   ____          _            __ _ _
 /\\ / ___'_ __ _ _(_)_ __  __ _ \ \ \ \
( ( )\___ | '_ | '_| | '_ \/ _` | \ \ \ \
 \\/  ___)| |_)| | | | | || (_| |  ) ) ) )
  '  |____| .__|_| |_|_| |_\__, | / / / /
 =========|_|==============|___/=/_/_/_/
 :: Spring Boot ::                (v3.0.1)

2023-01-20T14:11:34.373Z  INFO 90913 --- [    Test worker] c.j.m.s.ShelfServiceApplicationTests     : Starting ShelfServiceApplicationTests using Java 17.0.2 with PID 90913 (started by jry22 in /Users/jry22/Dev/Training/movie-shelf/shelf-service)
2023-01-20T14:11:34.373Z  INFO 90913 --- [    Test worker] c.j.m.s.ShelfServiceApplicationTests     : No active profile set, falling back to 1 default profile: "default"
2023-01-20T14:11:34.810Z  INFO 90913 --- [    Test worker] c.j.m.s.ShelfServiceApplicationTests     : Started ShelfServiceApplicationTests in 0.531 seconds (process running for 0.982)
]]></system-out>
  <system-err><![CDATA[]]></system-err>
</testsuite>
